C:\USERS\ADWALTERS\DOCUMENTS\VISUAL STUDIO 2010\PROJECTS\EMBED\DEBUG\EMBED.EXE
C:\USERS\ADWALTERS\DOCUMENTS\VISUAL STUDIO 2010\PROJECTS\EMBED\DEBUG\EMBED.PDB
c:\Users\adwalters\documents\visual studio 2010\Projects\Embed\Embed\Debug\cl.command.1.tlog
c:\Users\adwalters\documents\visual studio 2010\Projects\Embed\Embed\Debug\CL.read.1.tlog
c:\Users\adwalters\documents\visual studio 2010\Projects\Embed\Embed\Debug\CL.write.1.tlog
c:\Users\adwalters\documents\visual studio 2010\Projects\Embed\Embed\Debug\Embed.exe.embed.manifest
C:\USERS\ADWALTERS\DOCUMENTS\VISUAL STUDIO 2010\PROJECTS\EMBED\EMBED\DEBUG\EMBED.EXE.EMBED.MANIFEST.RES
C:\USERS\ADWALTERS\DOCUMENTS\VISUAL STUDIO 2010\PROJECTS\EMBED\EMBED\DEBUG\EMBED.EXE.INTERMEDIATE.MANIFEST
C:\USERS\ADWALTERS\DOCUMENTS\VISUAL STUDIO 2010\PROJECTS\EMBED\EMBED\DEBUG\EMBED.OBJ
C:\USERS\ADWALTERS\DOCUMENTS\VISUAL STUDIO 2010\PROJECTS\EMBED\EMBED\DEBUG\EMBED.PCH
c:\Users\adwalters\documents\visual studio 2010\Projects\Embed\Embed\Debug\Embed.vcxprojResolveAssemblyReference.cache
c:\Users\adwalters\documents\visual studio 2010\Projects\Embed\Embed\Debug\Embed.write.1.tlog
c:\Users\adwalters\documents\visual studio 2010\Projects\Embed\Embed\Debug\Embed_manifest.rc
c:\Users\adwalters\documents\visual studio 2010\Projects\Embed\Embed\Debug\link.command.1.tlog
c:\Users\adwalters\documents\visual studio 2010\Projects\Embed\Embed\Debug\link.read.1.tlog
c:\Users\adwalters\documents\visual studio 2010\Projects\Embed\Embed\Debug\link.write.1.tlog
c:\Users\adwalters\documents\visual studio 2010\Projects\Embed\Embed\Debug\mt.command.1.tlog
c:\Users\adwalters\documents\visual studio 2010\Projects\Embed\Embed\Debug\mt.read.1.tlog
c:\Users\adwalters\documents\visual studio 2010\Projects\Embed\Embed\Debug\mt.write.1.tlog
c:\Users\adwalters\documents\visual studio 2010\Projects\Embed\Embed\Debug\rc.command.1.tlog
c:\Users\adwalters\documents\visual studio 2010\Projects\Embed\Embed\Debug\rc.read.1.tlog
c:\Users\adwalters\documents\visual studio 2010\Projects\Embed\Embed\Debug\rc.write.1.tlog
C:\USERS\ADWALTERS\DOCUMENTS\VISUAL STUDIO 2010\PROJECTS\EMBED\EMBED\DEBUG\STDAFX.OBJ
c:\Users\adwalters\documents\visual studio 2010\Projects\Embed\Embed\Debug\vc100.idb
C:\USERS\ADWALTERS\DOCUMENTS\VISUAL STUDIO 2010\PROJECTS\EMBED\EMBED\DEBUG\VC100.PDB
